info: 2023-08-28 14:35:59: 	Server said hello!
info: 2023-08-28 14:38:22: 	Provided event data: {"id":1,"fullName":"Juan Luna","Photo":"./images/wow.jpg","Description":"Lorem Ipsum Dolor","createdDate":"2023-08-28T06:38:22.399Z"}
info: 2023-08-28 14:39:02: 	Provided event data: {"id":2,"fullName":"Juan Luna","Photo":"./images/wow.jpg","Description":"Lorem Ipsum Dolor","createdDate":"2023-08-28T06:39:02.118Z"}
info: 2023-08-28 14:39:26: 	Provided event data: {"id":3,"fullName":"Juan Luna","Photo":"./images/wow.jpg","Description":"Lorem Ipsum Dolor","createdDate":"2023-08-28T06:39:26.017Z"}
info: 2023-08-28 14:39:32: 	Provided event data: {"id":4,"fullName":"Juan Luna","Photo":"./images/wow.jpg","Description":"Lorem Ipsum Dolor","createdDate":"2023-08-28T06:39:32.942Z"}
info: 2023-08-28 14:46:33: 	Server said hello!
info: 2023-08-28 14:46:40: 	Provided event data: {"id":1,"eventName":"king ina mo","createdDate":"2023-08-28T06:46:40.940Z"}
info: 2023-08-28 14:47:33: 	Server said hello!
info: 2023-08-28 14:47:39: 	Provided event data: {"id":1,"eventName":"king ina mo","createdDate":"2023-08-28T06:47:39.565Z"}
info: 2023-08-28 14:48:05: 	Server said hello!
info: 2023-08-28 14:48:07: 	Server said hello!
info: 2023-08-28 14:48:13: 	Provided event data: {"id":1,"eventName":"king ina mo","createdDate":"2023-08-28T06:48:13.757Z"}
info: 2023-08-28 14:48:25: 	Provided event data: {"id":1,"fullName":"Juan Luna","Photo":"./images/wow.jpg","Description":"Lorem Ipsum Dolor","createdDate":"2023-08-28T06:48:25.390Z"}
info: 2023-08-28 14:52:18: 	Server said hello!
info: 2023-08-28 17:29:23: 	Server said hello!
info: 2023-08-28 17:29:30: 	Server said hello!
info: 2023-08-28 17:29:42: 	Server said hello!
info: 2023-08-28 17:29:45: 	Server said hello!
info: 2023-08-28 17:29:45: 	Server said hello!
info: 2023-08-28 17:29:48: 	Server said hello!
info: 2023-08-28 17:29:52: 	Server said hello!
info: 2023-08-28 17:29:56: 	Server said hello!
info: 2023-08-28 17:30:06: 	Server said hello!
info: 2023-08-28 18:12:15: 	Server said hello!
info: 2023-08-28 18:27:13: 	Server said hello!
info: 2023-08-28 18:27:17: 	Server said hello!
info: 2023-08-28 18:27:27: 	Server said hello!
info: 2023-08-28 18:27:29: 	Server said hello!
info: 2023-08-28 18:27:33: 	Server said hello!
info: 2023-08-28 18:28:14: 	Server said hello!
info: 2023-08-28 18:48:32: 	Server said hello!
info: 2023-08-28 18:48:36: 	Server said hello!
info: 2023-08-28 18:48:41: 	Server said hello!
info: 2023-08-28 18:48:45: 	Server said hello!
info: 2023-08-28 18:48:48: 	Server said hello!
info: 2023-08-28 18:48:54: 	Server said hello!
info: 2023-08-28 18:49:00: 	Server said hello!
info: 2023-08-28 18:49:02: 	Server said hello!
info: 2023-08-28 18:49:04: 	Server said hello!
info: 2023-08-28 18:49:07: 	Server said hello!
info: 2023-08-28 18:49:09: 	Server said hello!
info: 2023-08-28 18:49:15: 	Server said hello!
info: 2023-08-28 18:49:16: 	Server said hello!
info: 2023-08-28 18:49:19: 	Server said hello!
info: 2023-08-28 18:49:28: 	Server said hello!
info: 2023-08-28 18:49:33: 	Server said hello!
info: 2023-08-28 18:50:03: 	Server said hello!
info: 2023-08-28 18:50:06: 	Server said hello!
info: 2023-08-28 18:50:08: 	Server said hello!
info: 2023-08-28 18:50:10: 	Server said hello!
info: 2023-08-28 18:50:39: 	Server said hello!
info: 2023-08-28 18:52:40: 	Provided event data: {"topicTitle":"The rise of AI-Powered Genomes in PH","eventId":1,"topicOrder":1,"topicTimeslot":"2023-08-28T06:48:31.568Z"}
info: 2023-08-28 18:53:10: 	Provided event data: {"topicTitle":"The rise of AI-Powered Genomes in PH","eventId":1,"topicOrder":1,"topicTimeslot":"2023-08-28T06:48:31.568Z","speakers":[{"speakerId":1},{"speakerId":5}]}
